<?xml version="1.0" encoding="UTF-8"?>
<testExecutions version="1">
  <file path="C:\Projects\AMCS\firestore-chat\__tests__\ChatScreen-test.js">
    <testCase name="&lt;ChatScreen /&gt; App renders without crashing" duration="529"/>
    <testCase name="&lt;ChatScreen /&gt; App test against snapshot" duration="14"/>
    <testCase name="&lt;ChatScreen /&gt; should mock Firestore adding message" duration="4"/>
    <testCase name="&lt;ChatScreen /&gt; should return the SASSY Theme" duration="4">
      <failure message="ReferenceError: renderChatBubbles is not defined"><![CDATA[ReferenceError: renderChatBubbles is not defined
    at Object.<anonymous> (C:\Projects\AMCS\firestore-chat\__tests__\ChatScreen-test.js:54:5)
    at Object.asyncJestTest (C:\Projects\AMCS\firestore-chat\node_modules\jest-jasmine2\build\jasmineAsyncInstall.js:100:37)
    at C:\Projects\AMCS\firestore-chat\node_modules\jest-jasmine2\build\queueRunner.js:45:12
    at new Promise (<anonymous>)
    at mapper (C:\Projects\AMCS\firestore-chat\node_modules\jest-jasmine2\build\queueRunner.js:28:19)
    at C:\Projects\AMCS\firestore-chat\node_modules\jest-jasmine2\build\queueRunner.js:75:41
    at processTicksAndRejections (internal/process/task_queues.js:97:5)]]></failure>
    </testCase>
  </file>
</testExecutions>